Boost activity: fix(core): ensure strict type compliance for mainnet - Sat Dec 20 15:10:01 WAT 2025
Boost activity: refactor(trait): remove unused contract-info signature - Sat Dec 20 15:10:01 WAT 2025
Boost activity: style(lint): format clarity contracts - Sat Dec 20 15:10:01 WAT 2025
Boost activity: test(unit): add coverage for transfer flow - Sat Dec 20 15:10:01 WAT 2025
Boost activity: fix(batch): optimize fold operation gas usage - Sat Dec 20 15:10:01 WAT 2025
Boost activity: chore(deps): update clarinet-sdk dependencies - Sat Dec 20 15:10:01 WAT 2025
Boost activity: docs(api): document new batch-mint signature - Sat Dec 20 15:10:02 WAT 2025
Boost activity: refactor(auth): simplify owner assertion logic - Sat Dec 20 15:10:02 WAT 2025
Boost activity: perf(storage): optimize map-get operations - Sat Dec 20 15:10:02 WAT 2025
Boost activity: fix(types): resolve ambiguous tuple types in response - Sat Dec 20 15:10:02 WAT 2025
Boost activity: style(fmt): align parentheses in contract definitions - Sat Dec 20 15:10:02 WAT 2025
Boost activity: test(simnet): verify error codes for invalid inputs - Sat Dec 20 15:10:02 WAT 2025
Boost activity: chore(config): tune analysis strictness settings - Sat Dec 20 15:10:02 WAT 2025
Boost activity: refactor(burn): standartize event parameters - Sat Dec 20 15:10:03 WAT 2025
Boost activity: fix(security): add extra validation for zero-address - Sat Dec 20 15:10:03 WAT 2025
Boost activity: feat(events): enhance visibility of contract actions - Sat Dec 20 15:10:03 WAT 2025
Boost activity: docs(deploy): updated testnet deployment address - Sat Dec 20 15:10:03 WAT 2025
Boost activity: test(fuzz): add property-based tests for balance - Sat Dec 20 15:10:03 WAT 2025
Boost activity: fix(logic): correct edge case in token-age calculation - Sat Dec 20 15:10:03 WAT 2025
Boost activity: refactor(utils): move helper functions to bottom - Sat Dec 20 15:10:03 WAT 2025
Boost activity: style(comments): improve docstrings for public functions - Sat Dec 20 15:10:04 WAT 2025
Boost activity: chore(release): prepare candidate for v2.2.0 - Sat Dec 20 15:10:04 WAT 2025
Boost activity: fix(compat): ensure retroactive compatibility with clarity 2 - Sat Dec 20 15:10:04 WAT 2025
Boost activity: test(e2e): sanity check full lifecycle - Sat Dec 20 15:10:04 WAT 2025
Boost activity: docs(changelog): update record of recent fixes - Sat Dec 20 15:10:04 WAT 2025
Boost activity: fix(core): ensure strict type compliance for mainnet - Sat Dec 20 15:10:22 WAT 2025
Boost activity: refactor(trait): remove unused contract-info signature - Sat Dec 20 15:10:22 WAT 2025
Boost activity: style(lint): format clarity contracts - Sat Dec 20 15:10:22 WAT 2025
Boost activity: test(unit): add coverage for transfer flow - Sat Dec 20 15:10:22 WAT 2025
Boost activity: fix(batch): optimize fold operation gas usage - Sat Dec 20 15:10:22 WAT 2025
Boost activity: chore(deps): update clarinet-sdk dependencies - Sat Dec 20 15:10:22 WAT 2025
Boost activity: docs(api): document new batch-mint signature - Sat Dec 20 15:10:22 WAT 2025
Boost activity: refactor(auth): simplify owner assertion logic - Sat Dec 20 15:10:23 WAT 2025
Boost activity: perf(storage): optimize map-get operations - Sat Dec 20 15:10:23 WAT 2025
Boost activity: fix(types): resolve ambiguous tuple types in response - Sat Dec 20 15:10:23 WAT 2025
Boost activity: style(fmt): align parentheses in contract definitions - Sat Dec 20 15:10:23 WAT 2025
Boost activity: test(simnet): verify error codes for invalid inputs - Sat Dec 20 15:10:23 WAT 2025
Boost activity: chore(config): tune analysis strictness settings - Sat Dec 20 15:10:23 WAT 2025
Boost activity: refactor(burn): standartize event parameters - Sat Dec 20 15:10:23 WAT 2025
Boost activity: fix(security): add extra validation for zero-address - Sat Dec 20 15:10:24 WAT 2025
Boost activity: feat(events): enhance visibility of contract actions - Sat Dec 20 15:10:24 WAT 2025
Boost activity: docs(deploy): updated testnet deployment address - Sat Dec 20 15:10:24 WAT 2025
Boost activity: test(fuzz): add property-based tests for balance - Sat Dec 20 15:10:24 WAT 2025
Boost activity: fix(logic): correct edge case in token-age calculation - Sat Dec 20 15:10:24 WAT 2025
Boost activity: refactor(utils): move helper functions to bottom - Sat Dec 20 15:10:24 WAT 2025
Boost activity: style(comments): improve docstrings for public functions - Sat Dec 20 15:10:25 WAT 2025
Boost activity: chore(release): prepare candidate for v2.2.0 - Sat Dec 20 15:10:25 WAT 2025
Boost activity: fix(compat): ensure retroactive compatibility with clarity 2 - Sat Dec 20 15:10:25 WAT 2025
Boost activity: test(e2e): sanity check full lifecycle - Sat Dec 20 15:10:25 WAT 2025
Boost activity: docs(changelog): update record of recent fixes - Sat Dec 20 15:10:25 WAT 2025
